  [1m[35m (394.8ms)[0m  [1m[35mCREATE DATABASE "first_routes_project_development" ENCODING = 'unicode'[0m
  ↳ bin/rails:9
  [1m[35m (388.7ms)[0m  [1m[35mCREATE DATABASE "first_routes_project_test" ENCODING = 'unicode'[0m
  ↳ bin/rails:9
Started GET "/" for ::1 at 2019-09-11 14:23:46 -0700
Processing by Rails::WelcomeController#index as HTML
  Rendering /Users/jennalumarie/.rvm/gems/ruby-2.6.3/gems/railties-5.2.3/lib/rails/templates/rails/welcome/index.html.erb
  Rendered /Users/jennalumarie/.rvm/gems/ruby-2.6.3/gems/railties-5.2.3/lib/rails/templates/rails/welcome/index.html.erb (3.7ms)
Completed 200 OK in 16ms (Views: 11.0ms | ActiveRecord: 0.0ms)


Started GET "/users" for ::1 at 2019-09-11 14:44:23 -0700
  
AbstractController::ActionNotFound (The action 'index' could not be found for UsersController):
  
actionpack (5.2.3) lib/abstract_controller/base.rb:129:in `process'
actionview (5.2.3) lib/action_view/rendering.rb:32:in `process'
actionpack (5.2.3) lib/action_controller/metal.rb:191:in `dispatch'
actionpack (5.2.3) lib/action_controller/metal.rb:252:in `dispatch'
actionpack (5.2.3) lib/action_dispatch/routing/route_set.rb:52:in `dispatch'
actionpack (5.2.3) lib/action_dispatch/routing/route_set.rb:34:in `serve'
actionpack (5.2.3) lib/action_dispatch/journey/router.rb:52:in `block in serve'
actionpack (5.2.3) lib/action_dispatch/journey/router.rb:35:in `each'
actionpack (5.2.3) lib/action_dispatch/journey/router.rb:35:in `serve'
actionpack (5.2.3) lib/action_dispatch/routing/route_set.rb:840:in `call'
rack (2.0.7) lib/rack/tempfile_reaper.rb:15:in `call'
rack (2.0.7) lib/rack/etag.rb:25:in `call'
rack (2.0.7) lib/rack/conditional_get.rb:25:in `call'
rack (2.0.7) lib/rack/head.rb:12:in `call'
actionpack (5.2.3) lib/action_dispatch/http/content_security_policy.rb:18:in `call'
rack (2.0.7) lib/rack/session/abstract/id.rb:232:in `context'
rack (2.0.7) lib/rack/session/abstract/id.rb:226:in `call'
actionpack (5.2.3) lib/action_dispatch/middleware/cookies.rb:670:in `call'
activerecord (5.2.3) lib/active_record/migration.rb:559:in `call'
actionpack (5.2.3) lib/action_dispatch/middleware/callbacks.rb:28:in `block in call'
activesupport (5.2.3) lib/active_support/callbacks.rb:98:in `run_callbacks'
actionpack (5.2.3) lib/action_dispatch/middleware/callbacks.rb:26:in `call'
actionpack (5.2.3) lib/action_dispatch/middleware/executor.rb:14:in `call'
actionpack (5.2.3) lib/action_dispatch/middleware/debug_exceptions.rb:61:in `call'
web-console (3.7.0) lib/web_console/middleware.rb:135:in `call_app'
web-console (3.7.0) lib/web_console/middleware.rb:30:in `block in call'
web-console (3.7.0) lib/web_console/middleware.rb:20:in `catch'
web-console (3.7.0) lib/web_console/middleware.rb:20:in `call'
actionpack (5.2.3) lib/action_dispatch/middleware/show_exceptions.rb:33:in `call'
railties (5.2.3) lib/rails/rack/logger.rb:38:in `call_app'
railties (5.2.3) lib/rails/rack/logger.rb:26:in `block in call'
activesupport (5.2.3) lib/active_support/tagged_logging.rb:71:in `block in tagged'
activesupport (5.2.3) lib/active_support/tagged_logging.rb:28:in `tagged'
activesupport (5.2.3) lib/active_support/tagged_logging.rb:71:in `tagged'
railties (5.2.3) lib/rails/rack/logger.rb:26:in `call'
sprockets-rails (3.2.1) lib/sprockets/rails/quiet_assets.rb:13:in `call'
actionpack (5.2.3) lib/action_dispatch/middleware/remote_ip.rb:81:in `call'
actionpack (5.2.3) lib/action_dispatch/middleware/request_id.rb:27:in `call'
rack (2.0.7) lib/rack/method_override.rb:22:in `call'
rack (2.0.7) lib/rack/runtime.rb:22:in `call'
activesupport (5.2.3) lib/active_support/cache/strategy/local_cache_middleware.rb:29:in `call'
actionpack (5.2.3) lib/action_dispatch/middleware/executor.rb:14:in `call'
actionpack (5.2.3) lib/action_dispatch/middleware/static.rb:127:in `call'
rack (2.0.7) lib/rack/sendfile.rb:111:in `call'
railties (5.2.3) lib/rails/engine.rb:524:in `call'
puma (3.12.1) lib/puma/configuration.rb:227:in `call'
puma (3.12.1) lib/puma/server.rb:660:in `handle_request'
puma (3.12.1) lib/puma/server.rb:474:in `process_client'
puma (3.12.1) lib/puma/server.rb:334:in `block in run'
puma (3.12.1) lib/puma/thread_pool.rb:135:in `block in spawn_thread'
Started GET "/users" for ::1 at 2019-09-11 14:46:08 -0700
Processing by UsersController#index as */*
No template found for UsersController#index, rendering head :no_content
Completed 204 No Content in 7ms (ActiveRecord: 0.0ms)


Started GET "/users" for ::1 at 2019-09-11 14:46:33 -0700
Processing by UsersController#index as */*
No template found for UsersController#index, rendering head :no_content
Completed 204 No Content in 3ms (ActiveRecord: 0.0ms)


Started GET "/users" for ::1 at 2019-09-11 14:47:35 -0700
Processing by UsersController#index as */*
  Rendering text template
  Rendered text template (0.0ms)
Completed 200 OK in 2ms (Views: 1.4ms | ActiveRecord: 0.0ms)


Started GET "/users?favorite_food=pizza%22" for ::1 at 2019-09-11 14:50:30 -0700
Processing by UsersController#index as */*
  Parameters: {"favorite_food"=>"pizza\""}
  Rendering text template
  Rendered text template (0.0ms)
Completed 200 OK in 1ms (Views: 0.5ms | ActiveRecord: 0.0ms)


Started GET "/users?favorite_food=pizza" for ::1 at 2019-09-11 14:50:39 -0700
Processing by UsersController#index as */*
  Parameters: {"favorite_food"=>"pizza"}
  Rendering text template
  Rendered text template (0.0ms)
Completed 200 OK in 0ms (Views: 0.2ms | ActiveRecord: 0.0ms)


Started GET "/users?favorite_food=pizza,location=here" for ::1 at 2019-09-11 14:51:27 -0700
Processing by UsersController#index as */*
  Parameters: {"favorite_food"=>"pizza,location=here"}
  Rendering text template
  Rendered text template (0.0ms)
Completed 200 OK in 0ms (Views: 0.2ms | ActiveRecord: 0.0ms)


Started GET "/users?location=here" for ::1 at 2019-09-11 14:52:41 -0700
Processing by UsersController#index as */*
  Parameters: {"location"=>"here"}
  Rendering text template
  Rendered text template (0.0ms)
Completed 200 OK in 0ms (Views: 0.3ms | ActiveRecord: 0.0ms)


Started POST "/users" for ::1 at 2019-09-11 14:54:18 -0700
  
AbstractController::ActionNotFound (The action 'create' could not be found for UsersController):
  
actionpack (5.2.3) lib/abstract_controller/base.rb:129:in `process'
actionview (5.2.3) lib/action_view/rendering.rb:32:in `process'
actionpack (5.2.3) lib/action_controller/metal.rb:191:in `dispatch'
actionpack (5.2.3) lib/action_controller/metal.rb:252:in `dispatch'
actionpack (5.2.3) lib/action_dispatch/routing/route_set.rb:52:in `dispatch'
actionpack (5.2.3) lib/action_dispatch/routing/route_set.rb:34:in `serve'
actionpack (5.2.3) lib/action_dispatch/journey/router.rb:52:in `block in serve'
actionpack (5.2.3) lib/action_dispatch/journey/router.rb:35:in `each'
actionpack (5.2.3) lib/action_dispatch/journey/router.rb:35:in `serve'
actionpack (5.2.3) lib/action_dispatch/routing/route_set.rb:840:in `call'
rack (2.0.7) lib/rack/tempfile_reaper.rb:15:in `call'
rack (2.0.7) lib/rack/etag.rb:25:in `call'
rack (2.0.7) lib/rack/conditional_get.rb:38:in `call'
rack (2.0.7) lib/rack/head.rb:12:in `call'
actionpack (5.2.3) lib/action_dispatch/http/content_security_policy.rb:18:in `call'
rack (2.0.7) lib/rack/session/abstract/id.rb:232:in `context'
rack (2.0.7) lib/rack/session/abstract/id.rb:226:in `call'
actionpack (5.2.3) lib/action_dispatch/middleware/cookies.rb:670:in `call'
activerecord (5.2.3) lib/active_record/migration.rb:559:in `call'
actionpack (5.2.3) lib/action_dispatch/middleware/callbacks.rb:28:in `block in call'
activesupport (5.2.3) lib/active_support/callbacks.rb:98:in `run_callbacks'
actionpack (5.2.3) lib/action_dispatch/middleware/callbacks.rb:26:in `call'
actionpack (5.2.3) lib/action_dispatch/middleware/executor.rb:14:in `call'
actionpack (5.2.3) lib/action_dispatch/middleware/debug_exceptions.rb:61:in `call'
web-console (3.7.0) lib/web_console/middleware.rb:135:in `call_app'
web-console (3.7.0) lib/web_console/middleware.rb:30:in `block in call'
web-console (3.7.0) lib/web_console/middleware.rb:20:in `catch'
web-console (3.7.0) lib/web_console/middleware.rb:20:in `call'
actionpack (5.2.3) lib/action_dispatch/middleware/show_exceptions.rb:33:in `call'
railties (5.2.3) lib/rails/rack/logger.rb:38:in `call_app'
railties (5.2.3) lib/rails/rack/logger.rb:26:in `block in call'
activesupport (5.2.3) lib/active_support/tagged_logging.rb:71:in `block in tagged'
activesupport (5.2.3) lib/active_support/tagged_logging.rb:28:in `tagged'
activesupport (5.2.3) lib/active_support/tagged_logging.rb:71:in `tagged'
railties (5.2.3) lib/rails/rack/logger.rb:26:in `call'
sprockets-rails (3.2.1) lib/sprockets/rails/quiet_assets.rb:13:in `call'
actionpack (5.2.3) lib/action_dispatch/middleware/remote_ip.rb:81:in `call'
actionpack (5.2.3) lib/action_dispatch/middleware/request_id.rb:27:in `call'
rack (2.0.7) lib/rack/method_override.rb:22:in `call'
rack (2.0.7) lib/rack/runtime.rb:22:in `call'
activesupport (5.2.3) lib/active_support/cache/strategy/local_cache_middleware.rb:29:in `call'
actionpack (5.2.3) lib/action_dispatch/middleware/executor.rb:14:in `call'
actionpack (5.2.3) lib/action_dispatch/middleware/static.rb:127:in `call'
rack (2.0.7) lib/rack/sendfile.rb:111:in `call'
railties (5.2.3) lib/rails/engine.rb:524:in `call'
puma (3.12.1) lib/puma/configuration.rb:227:in `call'
puma (3.12.1) lib/puma/server.rb:660:in `handle_request'
puma (3.12.1) lib/puma/server.rb:474:in `process_client'
puma (3.12.1) lib/puma/server.rb:334:in `block in run'
puma (3.12.1) lib/puma/thread_pool.rb:135:in `block in spawn_thread'
Started POST "/users" for ::1 at 2019-09-11 14:55:24 -0700
Processing by UsersController#create as */*
Completed 200 OK in 2ms (Views: 2.2ms | ActiveRecord: 0.0ms)


Started POST "/users?favorite_food=pizza%22" for ::1 at 2019-09-11 14:56:31 -0700
Processing by UsersController#create as */*
  Parameters: {"favorite_food"=>"pizza\""}
Completed 200 OK in 0ms (Views: 0.1ms | ActiveRecord: 0.0ms)


Started POST "/users?favorite_food=pizza" for ::1 at 2019-09-11 14:56:39 -0700
Processing by UsersController#create as */*
  Parameters: {"favorite_food"=>"pizza"}
Completed 200 OK in 0ms (Views: 0.1ms | ActiveRecord: 0.0ms)


Started GET "/users/2" for ::1 at 2019-09-11 14:58:10 -0700
Processing by UsersController#show as */*
  Parameters: {"id"=>"2"}
Completed 200 OK in 0ms (Views: 0.1ms | ActiveRecord: 0.0ms)


Started POST "/users" for ::1 at 2019-09-11 15:02:44 -0700
Processing by UsersController#create as */*
  Parameters: {"some_category"=>{"a_key"=>"'another value'", "a_second_key"=>"'yet another value'", "inner_inner_hash"=>{"key"=>"'value'"}}, "something_else"=>"'aaahhhhh'"}
Completed 200 OK in 0ms (Views: 0.1ms | ActiveRecord: 0.0ms)


Started POST "/users" for ::1 at 2019-09-11 15:03:12 -0700
Processing by UsersController#create as */*
  Parameters: {"some_category"=>{"a_key"=>"'another value'", "a_second_key"=>"'yet another value'", "inner_inner_hash"=>{"key"=>"'value2'"}}, "something_else"=>"'aaahhhhh'"}
Completed 200 OK in 0ms (Views: 0.2ms | ActiveRecord: 0.0ms)


Started POST "/users" for ::1 at 2019-09-11 15:03:25 -0700
Processing by UsersController#create as */*
  Parameters: {"some_category"=>{"a_key"=>"'another value'", "a_second_key"=>"'yet another value'", "inner_inner_hash"=>{"key"=>"'value'", "key_2"=>"'value'"}}, "something_else"=>"'aaahhhhh'"}
Completed 200 OK in 0ms (Views: 0.2ms | ActiveRecord: 0.0ms)


  [1m[35m (35.0ms)[0m  [1m[35mCREATE TABLE "schema_migrations" ("version" character varying NOT NULL PRIMARY KEY)[0m
  ↳ bin/rails:9
  [1m[35m (34.1ms)[0m  [1m[35mCREATE TABLE "ar_internal_metadata" ("key" character varying NOT NULL PRIMARY KEY, "value" character varying, "created_at" timestamp NOT NULL, "updated_at" timestamp NOT NULL)[0m
  ↳ bin/rails:9
  [1m[35m (27.8ms)[0m  [1m[34mSELECT pg_try_advisory_lock(6735832662221925360)[0m
  ↳ bin/rails:9
  [1m[35m (1.5ms)[0m  [1m[34mSELECT "schema_migrations"."version" FROM "schema_migrations" ORDER BY "schema_migrations"."version" ASC[0m
  ↳ bin/rails:9
Migrating to CreateUsers (20190911221854)
  [1m[35m (41.6ms)[0m  [1m[35mBEGIN[0m
  ↳ bin/rails:9
  [1m[35m (16.2ms)[0m  [1m[35mCREATE TABLE "users" ("id" bigserial primary key, "name" character varying NOT NULL, "email" character varying NOT NULL)[0m
  ↳ db/migrate/20190911221854_create_users.rb:3
  [1m[36mActiveRecord::SchemaMigration Create (6.4ms)[0m  [1m[32mINSERT INTO "schema_migrations" ("version") VALUES ($1) RETURNING "version"[0m  [["version", "20190911221854"]]
  ↳ bin/rails:9
  [1m[35m (0.6ms)[0m  [1m[35mCOMMIT[0m
  ↳ bin/rails:9
  [1m[36mActiveRecord::InternalMetadata Load (0.7ms)[0m  [1m[34mSELECT  "ar_internal_metadata".* FROM "ar_internal_metadata" WHERE "ar_internal_metadata"."key" = $1 LIMIT $2[0m  [["key", "environment"], ["LIMIT", 1]]
  ↳ bin/rails:9
  [1m[35m (0.1ms)[0m  [1m[35mBEGIN[0m
  ↳ bin/rails:9
  [1m[36mActiveRecord::InternalMetadata Create (1.5ms)[0m  [1m[32mINSERT INTO "ar_internal_metadata" ("key", "value", "created_at", "updated_at") VALUES ($1, $2, $3, $4) RETURNING "key"[0m  [["key", "environment"], ["value", "development"], ["created_at", "2019-09-11 22:21:13.915083"], ["updated_at", "2019-09-11 22:21:13.915083"]]
  ↳ bin/rails:9
  [1m[35m (0.5ms)[0m  [1m[35mCOMMIT[0m
  ↳ bin/rails:9
  [1m[35m (0.3ms)[0m  [1m[34mSELECT pg_advisory_unlock(6735832662221925360)[0m
  ↳ bin/rails:9
  [1m[35m (0.8ms)[0m  [1m[34mSELECT "schema_migrations"."version" FROM "schema_migrations" ORDER BY "schema_migrations"."version" ASC[0m
  ↳ bin/rails:9
  [1m[35m (0.2ms)[0m  [1m[35mBEGIN[0m
  [1m[36mUser Exists (3.0ms)[0m  [1m[34mSELECT  1 AS one FROM "users" WHERE "users"."name" = $1 LIMIT $2[0m  [["name", "Henry"], ["LIMIT", 1]]
  [1m[36mUser Exists (0.4ms)[0m  [1m[34mSELECT  1 AS one FROM "users" WHERE "users"."email" = $1 LIMIT $2[0m  [["email", "henry@airplane.com"], ["LIMIT", 1]]
  [1m[36mUser Create (0.7ms)[0m  [1m[32mINSERT INTO "users" ("name", "email") VALUES ($1, $2) RETURNING "id"[0m  [["name", "Henry"], ["email", "henry@airplane.com"]]
  [1m[35m (40.9ms)[0m  [1m[35mCOMMIT[0m
  [1m[36mUser Load (0.4ms)[0m  [1m[34mSELECT "users".* FROM "users"[0m
  [1m[35m (0.3ms)[0m  [1m[35mBEGIN[0m
  [1m[36mUser Exists (6.7ms)[0m  [1m[34mSELECT  1 AS one FROM "users" WHERE "users"."name" = $1 LIMIT $2[0m  [["name", "Jesse"], ["LIMIT", 1]]
  [1m[36mUser Exists (0.4ms)[0m  [1m[34mSELECT  1 AS one FROM "users" WHERE "users"."email" = $1 LIMIT $2[0m  [["email", "jesse@telescope.com"], ["LIMIT", 1]]
  [1m[36mUser Create (0.3ms)[0m  [1m[32mINSERT INTO "users" ("name", "email") VALUES ($1, $2) RETURNING "id"[0m  [["name", "Jesse"], ["email", "jesse@telescope.com"]]
  [1m[35m (0.5ms)[0m  [1m[35mCOMMIT[0m
  [1m[35m (0.7ms)[0m  [1m[35mBEGIN[0m
  [1m[36mUser Exists (0.4ms)[0m  [1m[34mSELECT  1 AS one FROM "users" WHERE "users"."name" = $1 LIMIT $2[0m  [["name", "Jenna"], ["LIMIT", 1]]
  [1m[36mUser Exists (0.3ms)[0m  [1m[34mSELECT  1 AS one FROM "users" WHERE "users"."email" = $1 LIMIT $2[0m  [["email", "jenna@kidney.com"], ["LIMIT", 1]]
  [1m[36mUser Create (0.3ms)[0m  [1m[32mINSERT INTO "users" ("name", "email") VALUES ($1, $2) RETURNING "id"[0m  [["name", "Jenna"], ["email", "jenna@kidney.com"]]
  [1m[35m (5.8ms)[0m  [1m[35mCOMMIT[0m
  [1m[36mUser Load (0.5ms)[0m  [1m[34mSELECT "users".* FROM "users"[0m
  [1m[35m (0.3ms)[0m  [1m[35mBEGIN[0m
  [1m[36mUser Exists (0.4ms)[0m  [1m[34mSELECT  1 AS one FROM "users" WHERE "users"."name" = $1 LIMIT $2[0m  [["name", "Jenna"], ["LIMIT", 1]]
  [1m[36mUser Exists (0.4ms)[0m  [1m[34mSELECT  1 AS one FROM "users" WHERE "users"."email" IS NULL LIMIT $1[0m  [["LIMIT", 1]]
  [1m[35m (0.2ms)[0m  [1m[31mROLLBACK[0m
Started GET "/users" for ::1 at 2019-09-11 15:38:24 -0700
  [1m[35m (0.6ms)[0m  [1m[34mSELECT "schema_migrations"."version" FROM "schema_migrations" ORDER BY "schema_migrations"."version" ASC[0m
  ↳ /Users/jennalumarie/.rvm/gems/ruby-2.6.3/gems/activerecord-5.2.3/lib/active_record/log_subscriber.rb:98
Processing by UsersController#index as */*
  Parameters: {"some_category"=>{"a_key"=>"'another value'", "a_second_key"=>"'yet another value'", "inner_inner_hash"=>{"key"=>"'value'", "key_2"=>"'value'"}}, "something_else"=>"'aaahhhhh'"}
  [1m[36mUser Load (1.4ms)[0m  [1m[34mSELECT "users".* FROM "users"[0m
  ↳ app/controllers/users_controller.rb:5
Completed 200 OK in 22ms (Views: 7.3ms | ActiveRecord: 6.8ms)


Started GET "/users" for ::1 at 2019-09-11 15:39:09 -0700
Processing by UsersController#index as */*
  [1m[36mUser Load (0.3ms)[0m  [1m[34mSELECT "users".* FROM "users"[0m
  ↳ app/controllers/users_controller.rb:5
Completed 200 OK in 2ms (Views: 1.3ms | ActiveRecord: 0.3ms)


Started POST "/users" for ::1 at 2019-09-11 15:41:19 -0700
Processing by UsersController#create as */*
  Parameters: {"name"=>"eva", "email"=>"eva@binky.com"}
Completed 400 Bad Request in 2ms (ActiveRecord: 0.0ms)



ActionController::ParameterMissing - param is missing or the value is empty: user:
  app/controllers/users_controller.rb:9:in `create'

Started POST "/users" for ::1 at 2019-09-11 15:41:59 -0700
Processing by UsersController#create as */*
  Parameters: {"user"=>{"name"=>"eva", "email"=>"eva@binky.com"}}
  [1m[35m (0.2ms)[0m  [1m[35mBEGIN[0m
  ↳ app/controllers/users_controller.rb:11
  [1m[36mUser Exists (0.5ms)[0m  [1m[34mSELECT  1 AS one FROM "users" WHERE "users"."name" = $1 LIMIT $2[0m  [["name", "eva"], ["LIMIT", 1]]
  ↳ app/controllers/users_controller.rb:11
  [1m[36mUser Exists (0.2ms)[0m  [1m[34mSELECT  1 AS one FROM "users" WHERE "users"."email" = $1 LIMIT $2[0m  [["email", "eva@binky.com"], ["LIMIT", 1]]
  ↳ app/controllers/users_controller.rb:11
  [1m[36mUser Create (0.4ms)[0m  [1m[32mINSERT INTO "users" ("name", "email") VALUES ($1, $2) RETURNING "id"[0m  [["name", "eva"], ["email", "eva@binky.com"]]
  ↳ app/controllers/users_controller.rb:11
  [1m[35m (40.8ms)[0m  [1m[35mCOMMIT[0m
  ↳ app/controllers/users_controller.rb:11
Completed 200 OK in 63ms (Views: 0.6ms | ActiveRecord: 46.1ms)


Started POST "/users" for ::1 at 2019-09-11 15:43:59 -0700
Processing by UsersController#create as */*
  Parameters: {"user"=>{"name"=>"john", "email"=>""}}
  [1m[35m (0.1ms)[0m  [1m[35mBEGIN[0m
  ↳ app/controllers/users_controller.rb:11
  [1m[36mUser Exists (0.3ms)[0m  [1m[34mSELECT  1 AS one FROM "users" WHERE "users"."name" = $1 LIMIT $2[0m  [["name", "john"], ["LIMIT", 1]]
  ↳ app/controllers/users_controller.rb:11
  [1m[36mUser Exists (0.3ms)[0m  [1m[34mSELECT  1 AS one FROM "users" WHERE "users"."email" = $1 LIMIT $2[0m  [["email", ""], ["LIMIT", 1]]
  ↳ app/controllers/users_controller.rb:11
  [1m[35m (0.1ms)[0m  [1m[31mROLLBACK[0m
  ↳ app/controllers/users_controller.rb:11
Completed 422 Unprocessable Entity in 15ms (Views: 0.1ms | ActiveRecord: 6.2ms)


Started POST "/users" for ::1 at 2019-09-11 15:44:15 -0700
Processing by UsersController#create as */*
  Parameters: {"user"=>{"name"=>"", "email"=>"boogy@yahoo.com"}}
  [1m[35m (0.1ms)[0m  [1m[35mBEGIN[0m
  ↳ app/controllers/users_controller.rb:11
  [1m[36mUser Exists (0.2ms)[0m  [1m[34mSELECT  1 AS one FROM "users" WHERE "users"."name" = $1 LIMIT $2[0m  [["name", ""], ["LIMIT", 1]]
  ↳ app/controllers/users_controller.rb:11
  [1m[36mUser Exists (0.2ms)[0m  [1m[34mSELECT  1 AS one FROM "users" WHERE "users"."email" = $1 LIMIT $2[0m  [["email", "boogy@yahoo.com"], ["LIMIT", 1]]
  ↳ app/controllers/users_controller.rb:11
  [1m[35m (0.1ms)[0m  [1m[31mROLLBACK[0m
  ↳ app/controllers/users_controller.rb:11
Completed 422 Unprocessable Entity in 3ms (Views: 0.1ms | ActiveRecord: 0.6ms)


Started POST "/users" for ::1 at 2019-09-11 15:44:23 -0700
Processing by UsersController#create as */*
  Parameters: {"user"=>{"name"=>"jenna", "email"=>"boogy@yahoo.com"}}
  [1m[35m (0.1ms)[0m  [1m[35mBEGIN[0m
  ↳ app/controllers/users_controller.rb:11
  [1m[36mUser Exists (0.2ms)[0m  [1m[34mSELECT  1 AS one FROM "users" WHERE "users"."name" = $1 LIMIT $2[0m  [["name", "jenna"], ["LIMIT", 1]]
  ↳ app/controllers/users_controller.rb:11
  [1m[36mUser Exists (0.2ms)[0m  [1m[34mSELECT  1 AS one FROM "users" WHERE "users"."email" = $1 LIMIT $2[0m  [["email", "boogy@yahoo.com"], ["LIMIT", 1]]
  ↳ app/controllers/users_controller.rb:11
  [1m[36mUser Create (0.2ms)[0m  [1m[32mINSERT INTO "users" ("name", "email") VALUES ($1, $2) RETURNING "id"[0m  [["name", "jenna"], ["email", "boogy@yahoo.com"]]
  ↳ app/controllers/users_controller.rb:11
  [1m[35m (2.0ms)[0m  [1m[35mCOMMIT[0m
  ↳ app/controllers/users_controller.rb:11
Completed 200 OK in 5ms (Views: 0.2ms | ActiveRecord: 2.7ms)


Started POST "/users" for ::1 at 2019-09-11 15:45:03 -0700
Processing by UsersController#create as */*
  Parameters: {"user"=>{"name"=>"john", "email"=>"boogy@yahoo.com"}}
  [1m[35m (0.1ms)[0m  [1m[35mBEGIN[0m
  ↳ app/controllers/users_controller.rb:11
  [1m[36mUser Exists (0.3ms)[0m  [1m[34mSELECT  1 AS one FROM "users" WHERE "users"."name" = $1 LIMIT $2[0m  [["name", "john"], ["LIMIT", 1]]
  ↳ app/controllers/users_controller.rb:11
  [1m[36mUser Exists (0.3ms)[0m  [1m[34mSELECT  1 AS one FROM "users" WHERE "users"."email" = $1 LIMIT $2[0m  [["email", "boogy@yahoo.com"], ["LIMIT", 1]]
  ↳ app/controllers/users_controller.rb:11
  [1m[35m (0.2ms)[0m  [1m[31mROLLBACK[0m
  ↳ app/controllers/users_controller.rb:11
Completed 422 Unprocessable Entity in 4ms (Views: 0.1ms | ActiveRecord: 0.9ms)


Started POST "/users" for ::1 at 2019-09-11 15:45:33 -0700
Processing by UsersController#create as */*
  Parameters: {"user"=>{"name"=>"patrick", "email"=>"boogy@yahoo.com"}}
  [1m[35m (0.1ms)[0m  [1m[35mBEGIN[0m
  ↳ app/controllers/users_controller.rb:11
  [1m[36mUser Exists (0.3ms)[0m  [1m[34mSELECT  1 AS one FROM "users" WHERE "users"."name" = $1 LIMIT $2[0m  [["name", "patrick"], ["LIMIT", 1]]
  ↳ app/controllers/users_controller.rb:11
  [1m[36mUser Exists (0.2ms)[0m  [1m[34mSELECT  1 AS one FROM "users" WHERE "users"."email" = $1 LIMIT $2[0m  [["email", "boogy@yahoo.com"], ["LIMIT", 1]]
  ↳ app/controllers/users_controller.rb:11
  [1m[35m (0.1ms)[0m  [1m[31mROLLBACK[0m
  ↳ app/controllers/users_controller.rb:11
Completed 422 Unprocessable Entity in 3ms (Views: 0.1ms | ActiveRecord: 0.7ms)


Started POST "/users" for ::1 at 2019-09-11 15:45:40 -0700
Processing by UsersController#create as */*
  Parameters: {"user"=>{"name"=>"patrick", "email"=>"boogy_2@yahoo.com"}}
  [1m[35m (0.1ms)[0m  [1m[35mBEGIN[0m
  ↳ app/controllers/users_controller.rb:11
  [1m[36mUser Exists (0.3ms)[0m  [1m[34mSELECT  1 AS one FROM "users" WHERE "users"."name" = $1 LIMIT $2[0m  [["name", "patrick"], ["LIMIT", 1]]
  ↳ app/controllers/users_controller.rb:11
  [1m[36mUser Exists (0.2ms)[0m  [1m[34mSELECT  1 AS one FROM "users" WHERE "users"."email" = $1 LIMIT $2[0m  [["email", "boogy_2@yahoo.com"], ["LIMIT", 1]]
  ↳ app/controllers/users_controller.rb:11
  [1m[36mUser Create (0.2ms)[0m  [1m[32mINSERT INTO "users" ("name", "email") VALUES ($1, $2) RETURNING "id"[0m  [["name", "patrick"], ["email", "boogy_2@yahoo.com"]]
  ↳ app/controllers/users_controller.rb:11
  [1m[35m (6.3ms)[0m  [1m[35mCOMMIT[0m
  ↳ app/controllers/users_controller.rb:11
Completed 200 OK in 9ms (Views: 0.2ms | ActiveRecord: 7.1ms)


  [1m[36mUser Load (0.5ms)[0m  [1m[34mSELECT "users".* FROM "users"[0m
Started POST "/users" for ::1 at 2019-09-11 15:46:45 -0700
Processing by UsersController#create as */*
  Parameters: {"user"=>{"name"=>"Jenna", "email"=>"boogy_3@yahoo.com"}}
  [1m[35m (0.1ms)[0m  [1m[35mBEGIN[0m
  ↳ app/controllers/users_controller.rb:11
  [1m[36mUser Exists (0.3ms)[0m  [1m[34mSELECT  1 AS one FROM "users" WHERE "users"."name" = $1 LIMIT $2[0m  [["name", "Jenna"], ["LIMIT", 1]]
  ↳ app/controllers/users_controller.rb:11
  [1m[36mUser Exists (0.2ms)[0m  [1m[34mSELECT  1 AS one FROM "users" WHERE "users"."email" = $1 LIMIT $2[0m  [["email", "boogy_3@yahoo.com"], ["LIMIT", 1]]
  ↳ app/controllers/users_controller.rb:11
  [1m[35m (0.1ms)[0m  [1m[31mROLLBACK[0m
  ↳ app/controllers/users_controller.rb:11
Completed 422 Unprocessable Entity in 4ms (Views: 0.1ms | ActiveRecord: 0.7ms)


Started GET "/users/3" for ::1 at 2019-09-11 15:59:01 -0700
Processing by UsersController#show as */*
  Parameters: {"id"=>"3"}
  [1m[36mUser Load (0.5ms)[0m  [1m[34mSELECT  "users".* FROM "users" WHERE "users"."id" = $1 LIMIT $2[0m  [["id", 3], ["LIMIT", 1]]
  ↳ app/controllers/users_controller.rb:20
Completed 200 OK in 17ms (Views: 0.2ms | ActiveRecord: 9.4ms)


Started PUT "/users/3" for ::1 at 2019-09-11 16:01:03 -0700
Processing by UsersController#update as */*
  Parameters: {"user"=>{"name"=>"Veronica"}, "id"=>"3"}
  [1m[36mUser Load (0.2ms)[0m  [1m[34mSELECT  "users".* FROM "users" WHERE "users"."id" = $1 LIMIT $2[0m  [["id", 3], ["LIMIT", 1]]
  ↳ app/controllers/users_controller.rb:27
  [1m[35m (0.1ms)[0m  [1m[35mBEGIN[0m
  ↳ app/controllers/users_controller.rb:28
  [1m[36mUser Exists (0.6ms)[0m  [1m[34mSELECT  1 AS one FROM "users" WHERE "users"."name" = $1 AND "users"."id" != $2 LIMIT $3[0m  [["name", "Veronica"], ["id", 3], ["LIMIT", 1]]
  ↳ app/controllers/users_controller.rb:28
  [1m[36mUser Exists (0.3ms)[0m  [1m[34mSELECT  1 AS one FROM "users" WHERE "users"."email" = $1 AND "users"."id" != $2 LIMIT $3[0m  [["email", "jenna@kidney.com"], ["id", 3], ["LIMIT", 1]]
  ↳ app/controllers/users_controller.rb:28
  [1m[36mUser Update (41.5ms)[0m  [1m[33mUPDATE "users" SET "name" = $1 WHERE "users"."id" = $2[0m  [["name", "Veronica"], ["id", 3]]
  ↳ app/controllers/users_controller.rb:28
  [1m[35m (0.5ms)[0m  [1m[35mCOMMIT[0m
  ↳ app/controllers/users_controller.rb:28
Completed 200 OK in 55ms (Views: 0.2ms | ActiveRecord: 48.0ms)


  [1m[36mUser Load (0.5ms)[0m  [1m[34mSELECT "users".* FROM "users"[0m
Started DELETE "/users/3" for ::1 at 2019-09-11 16:02:58 -0700

SyntaxError - syntax error, unexpected end-of-input, expecting end:
  app/controllers/users_controller.rb:52:in `'

Started DELETE "/users/3" for ::1 at 2019-09-11 16:03:14 -0700
Processing by UsersController#destroy as */*
  Parameters: {"user"=>{"name"=>"Veronica"}, "id"=>"3"}
  [1m[36mUser Load (0.3ms)[0m  [1m[34mSELECT  "users".* FROM "users" WHERE "users"."id" = $1 LIMIT $2[0m  [["id", 3], ["LIMIT", 1]]
  ↳ app/controllers/users_controller.rb:36
  [1m[35m (0.1ms)[0m  [1m[35mBEGIN[0m
  ↳ app/controllers/users_controller.rb:37
  [1m[36mUser Destroy (40.3ms)[0m  [1m[31mDELETE FROM "users" WHERE "users"."id" = $1[0m  [["id", 3]]
  ↳ app/controllers/users_controller.rb:37
  [1m[35m (2.0ms)[0m  [1m[35mCOMMIT[0m
  ↳ app/controllers/users_controller.rb:37
Completed 200 OK in 54ms (Views: 0.2ms | ActiveRecord: 47.9ms)


  [1m[36mUser Load (0.5ms)[0m  [1m[34mSELECT "users".* FROM "users"[0m
Started PUT "/users/5" for ::1 at 2019-09-11 16:03:53 -0700
Processing by UsersController#update as */*
  Parameters: {"user"=>{"name"=>"Veronica"}, "id"=>"5"}
  [1m[36mUser Load (0.2ms)[0m  [1m[34mSELECT  "users".* FROM "users" WHERE "users"."id" = $1 LIMIT $2[0m  [["id", 5], ["LIMIT", 1]]
  ↳ app/controllers/users_controller.rb:27
  [1m[35m (0.1ms)[0m  [1m[35mBEGIN[0m
  ↳ app/controllers/users_controller.rb:28
  [1m[36mUser Exists (0.3ms)[0m  [1m[34mSELECT  1 AS one FROM "users" WHERE "users"."name" = $1 AND "users"."id" != $2 LIMIT $3[0m  [["name", "Veronica"], ["id", 5], ["LIMIT", 1]]
  ↳ app/controllers/users_controller.rb:28
  [1m[36mUser Exists (0.2ms)[0m  [1m[34mSELECT  1 AS one FROM "users" WHERE "users"."email" = $1 AND "users"."id" != $2 LIMIT $3[0m  [["email", "boogy@yahoo.com"], ["id", 5], ["LIMIT", 1]]
  ↳ app/controllers/users_controller.rb:28
  [1m[36mUser Update (0.2ms)[0m  [1m[33mUPDATE "users" SET "name" = $1 WHERE "users"."id" = $2[0m  [["name", "Veronica"], ["id", 5]]
  ↳ app/controllers/users_controller.rb:28
  [1m[35m (5.6ms)[0m  [1m[35mCOMMIT[0m
  ↳ app/controllers/users_controller.rb:28
Completed 200 OK in 10ms (Views: 0.2ms | ActiveRecord: 6.7ms)


  [1m[36mUser Load (0.5ms)[0m  [1m[34mSELECT "users".* FROM "users"[0m
